<?xml version="1.0" encoding="UTF-8"?>
<robot generator="Robot 5.0 (Python 3.9.12 on win32)" generated="20220405 10:39:35.479" rpa="false" schemaversion="3">
<suite id="s1" name="Tests" source="C:\Users\Hamma\PP2\Tests">
<suite id="s1-s1" name="weatherTest" source="C:\Users\Hamma\PP2\Tests\weatherTest.robot">
<test id="s1-s1-t1" name="Get request and validate response code and body" line="9">
<kw name="Create Session" library="RequestsLibrary">
<arg>mySession</arg>
<arg>https://www.metaweather.com</arg>
<arg>verify=true</arg>
<doc>Create Session: create a HTTP session to a server</doc>
<msg timestamp="20220405 10:39:35.791" level="INFO">Creating Session using : alias=mySession, url=https://www.metaweather.com, headers={},                     cookies={}, auth=None, timeout=None, proxies=None, verify=True,                     debug=0 </msg>
<status status="PASS" starttime="20220405 10:39:35.791" endtime="20220405 10:39:35.791"/>
</kw>
<kw name="GET On Session" library="RequestsLibrary">
<var>${response}</var>
<arg>mySession</arg>
<arg>/api/location/search/</arg>
<arg>params=query=Helsinki</arg>
<doc>Sends a GET request on a previously created HTTP Session.</doc>
<msg timestamp="20220405 10:39:36.059" level="INFO">GET Request : url=https://www.metaweather.com/api/location/search/?query=Helsinki 
 path_url=/api/location/search/?query=Helsinki 
 headers={'User-Agent': 'python-requests/2.27.1', 'Accept-Encoding': 'gzip, deflate', 'Accept': '*/*', 'Connection': 'keep-alive'} 
 body=None 
 </msg>
<msg timestamp="20220405 10:39:36.060" level="INFO">GET Response : url=https://www.metaweather.com/api/location/search/?query=Helsinki 
 status=200, reason=OK 
 headers={'x-xss-protection': '1; mode=block', 'Content-Language': 'en', 'x-content-type-options': 'nosniff', 'strict-transport-security': 'max-age=2592000; includeSubDomains', 'Vary': 'Accept-Language, Cookie', 'Allow': 'GET, HEAD, OPTIONS', 'x-frame-options': 'DENY', 'Content-Type': 'application/json', 'X-Cloud-Trace-Context': '5739f0a45a96faa2c4cb9ce270c946b6', 'Date': 'Tue, 05 Apr 2022 07:39:38 GMT', 'Server': 'Google Frontend', 'Content-Length': '94'} 
 body=[{"title":"Helsinki","location_type":"City","woeid":565346,"latt_long":"60.171162,24.932581"}] 
 </msg>
<msg timestamp="20220405 10:39:36.060" level="INFO">${response} = &lt;Response [200]&gt;</msg>
<status status="PASS" starttime="20220405 10:39:35.792" endtime="20220405 10:39:36.060"/>
</kw>
<kw name="Status Should Be" library="RequestsLibrary">
<arg>200</arg>
<arg>${response}</arg>
<doc>Fails if response status code is different than the expected.</doc>
<status status="PASS" starttime="20220405 10:39:36.061" endtime="20220405 10:39:36.061"/>
</kw>
<kw name="Log To Console" library="BuiltIn">
<arg>Status code PASS</arg>
<doc>Logs the given message to the console.</doc>
<status status="PASS" starttime="20220405 10:39:36.062" endtime="20220405 10:39:36.062"/>
</kw>
<kw name="Get Value From Json" library="JSONLibrary">
<var>${title}</var>
<arg>${response.json()}[0]</arg>
<arg>title</arg>
<doc>Get Value From JSON using JSONPath</doc>
<msg timestamp="20220405 10:39:36.096" level="INFO">${title} = ['Helsinki']</msg>
<status status="PASS" starttime="20220405 10:39:36.062" endtime="20220405 10:39:36.096"/>
</kw>
<kw name="Get From List" library="Collections">
<var>${titleFromList}</var>
<arg>${title}</arg>
<arg>0</arg>
<doc>Returns the value specified with an ``index`` from ``list``.</doc>
<msg timestamp="20220405 10:39:36.096" level="INFO">${titleFromList} = Helsinki</msg>
<status status="PASS" starttime="20220405 10:39:36.096" endtime="20220405 10:39:36.096"/>
</kw>
<kw name="Should Be Equal" library="BuiltIn">
<arg>${titleFromList}</arg>
<arg>Helsinki</arg>
<doc>Fails if the given objects are unequal.</doc>
<status status="PASS" starttime="20220405 10:39:36.096" endtime="20220405 10:39:36.097"/>
</kw>
<kw name="Convert To String" library="BuiltIn">
<var>${body}</var>
<arg>${response.content}</arg>
<doc>Converts the given item to a Unicode string.</doc>
<msg timestamp="20220405 10:39:36.097" level="INFO">${body} = [{"title":"Helsinki","location_type":"City","woeid":565346,"latt_long":"60.171162,24.932581"}]</msg>
<status status="PASS" starttime="20220405 10:39:36.097" endtime="20220405 10:39:36.097"/>
</kw>
<kw name="Should Contain" library="BuiltIn">
<arg>${body}</arg>
<arg>location_type</arg>
<doc>Fails if ``container`` does not contain ``item`` one or more times.</doc>
<status status="PASS" starttime="20220405 10:39:36.098" endtime="20220405 10:39:36.098"/>
</kw>
<kw name="Log To Console" library="BuiltIn">
<arg>${body}</arg>
<doc>Logs the given message to the console.</doc>
<status status="PASS" starttime="20220405 10:39:36.098" endtime="20220405 10:39:36.098"/>
</kw>
<doc>This test case verifies response code of GET request is 200
response body contains the title key with value "Helsinki"
and response body contains the key "location_type"</doc>
<tag>Helsinki</tag>
<tag>smoke</tag>
<tag>weather</tag>
<status status="PASS" starttime="20220405 10:39:35.790" endtime="20220405 10:39:36.098"/>
</test>
<doc>Simple API test: weather API</doc>
<status status="PASS" starttime="20220405 10:39:35.499" endtime="20220405 10:39:36.099"/>
</suite>
<status status="PASS" starttime="20220405 10:39:35.481" endtime="20220405 10:39:36.101"/>
</suite>
<statistics>
<total>
<stat pass="1" fail="0" skip="0">All Tests</stat>
</total>
<tag>
<stat pass="1" fail="0" skip="0">Helsinki</stat>
<stat pass="1" fail="0" skip="0">smoke</stat>
<stat pass="1" fail="0" skip="0">weather</stat>
</tag>
<suite>
<stat pass="1" fail="0" skip="0" id="s1" name="Tests">Tests</stat>
<stat pass="1" fail="0" skip="0" id="s1-s1" name="weatherTest">Tests.weatherTest</stat>
</suite>
</statistics>
<errors>
</errors>
</robot>
